<?xml version="1.0" encoding="UTF-8"?>
<!-- Generated by org.testng.reporters.JUnitReportReporter -->
<testsuite hostname="DESKTOP-JOQNLEJ" failures="0" tests="1" name="com.Vtiger.ContactTest.CreateContactWithOrgTest" time="42.106" errors="0" timestamp="2024-05-23T12:44:06 IST" skipped="0">
  <testcase classname="com.Vtiger.ContactTest.CreateContactWithOrgTest" name="createContactWithOrgTest" time="42.106"/>
  <system-out/>
</testsuite> <!-- com.Vtiger.ContactTest.CreateContactWithOrgTest -->
