<?xml version="1.0" encoding="UTF-8"?>
<!-- Generated by org.testng.reporters.JUnitReportReporter -->
<testsuite hostname="DESKTOP-JOQNLEJ" failures="0" tests="1" name="com.Vtiger.OrgTest.ToCreateOrgTest" time="24.190" errors="0" timestamp="2024-05-23T11:57:31 IST" skipped="0">
  <testcase classname="com.Vtiger.OrgTest.ToCreateOrgTest" name="CreateOrgTest" time="24.190"/>
  <system-out/>
</testsuite> <!-- com.Vtiger.OrgTest.ToCreateOrgTest -->
