<?xml version="1.0" encoding="UTF-8"?>
<!-- Generated by org.testng.reporters.JUnitReportReporter -->
<testsuite hostname="DESKTOP-JOQNLEJ" failures="0" tests="1" name="com.Vtiger.OrgTest.CreateOrgWithIndustryAndTypeDropdownTest" time="27.751" errors="0" timestamp="2024-05-23T12:44:06 IST" skipped="0">
  <testcase classname="com.Vtiger.OrgTest.CreateOrgWithIndustryAndTypeDropdownTest" name="orgWithIndustryAndTypeDropdown" time="27.751"/>
  <system-out/>
</testsuite> <!-- com.Vtiger.OrgTest.CreateOrgWithIndustryAndTypeDropdownTest -->
